{"/home/gilangmgm/Desktop/Fproject/SmartUp-Server/services/mainApp/app.js": {"path":"/home/gilangmgm/Desktop/Fproject/SmartUp-Server/services/mainApp/app.js","statementMap":{"0":{"start":{"line":1,"column":16},"end":{"line":1,"column":34}},"1":{"start":{"line":2,"column":12},"end":{"line":2,"column":21}},"2":{"start":{"line":3,"column":13},"end":{"line":3,"column":17}},"3":{"start":{"line":4,"column":13},"end":{"line":4,"column":28}},"4":{"start":{"line":5,"column":15},"end":{"line":5,"column":34}},"5":{"start":{"line":6,"column":21},"end":{"line":6,"column":58}},"6":{"start":{"line":9,"column":0},"end":{"line":9,"column":16}},"7":{"start":{"line":10,"column":0},"end":{"line":10,"column":24}},"8":{"start":{"line":11,"column":0},"end":{"line":11,"column":49}},"9":{"start":{"line":13,"column":0},"end":{"line":15,"column":3}},"10":{"start":{"line":14,"column":4},"end":{"line":14,"column":29}},"11":{"start":{"line":17,"column":0},"end":{"line":17,"column":16}},"12":{"start":{"line":18,"column":0},"end":{"line":18,"column":21}},"13":{"start":{"line":25,"column":0},"end":{"line":25,"column":21}}},"fnMap":{"0":{"name":"(anonymous_0)","decl":{"start":{"line":13,"column":13},"end":{"line":13,"column":14}},"loc":{"start":{"line":13,"column":27},"end":{"line":15,"column":1}},"line":13}},"branchMap":{},"s":{"0":1,"1":1,"2":1,"3":1,"4":1,"5":1,"6":1,"7":1,"8":1,"9":1,"10":0,"11":1,"12":1,"13":1},"f":{"0":0},"b":{},"_coverageSchema":"1a1c01bbd47fc00a2c39e90264f33305004495a9","hash":"245c2510c48aef86d9b4620c623b4df21f639727"}
,"/home/gilangmgm/Desktop/Fproject/SmartUp-Server/services/mainApp/controllers/categoryController.js": {"path":"/home/gilangmgm/Desktop/Fproject/SmartUp-Server/services/mainApp/controllers/categoryController.js","statementMap":{"0":{"start":{"line":1,"column":21},"end":{"line":1,"column":41}},"1":{"start":{"line":5,"column":8},"end":{"line":20,"column":9}},"2":{"start":{"line":6,"column":29},"end":{"line":6,"column":53}},"3":{"start":{"line":7,"column":12},"end":{"line":14,"column":15}},"4":{"start":{"line":8,"column":29},"end":{"line":12,"column":17}},"5":{"start":{"line":13,"column":16},"end":{"line":13,"column":30}},"6":{"start":{"line":15,"column":12},"end":{"line":15,"column":53}},"7":{"start":{"line":16,"column":12},"end":{"line":16,"column":50}},"8":{"start":{"line":18,"column":12},"end":{"line":18,"column":29}},"9":{"start":{"line":19,"column":12},"end":{"line":19,"column":22}},"10":{"start":{"line":24,"column":8},"end":{"line":44,"column":9}},"11":{"start":{"line":25,"column":35},"end":{"line":25,"column":49}},"12":{"start":{"line":27,"column":29},"end":{"line":31,"column":14}},"13":{"start":{"line":33,"column":12},"end":{"line":35,"column":13}},"14":{"start":{"line":34,"column":16},"end":{"line":34,"column":69}},"15":{"start":{"line":37,"column":12},"end":{"line":41,"column":15}},"16":{"start":{"line":43,"column":12},"end":{"line":43,"column":22}},"17":{"start":{"line":48,"column":0},"end":{"line":48,"column":36}}},"fnMap":{"0":{"name":"(anonymous_0)","decl":{"start":{"line":4,"column":4},"end":{"line":4,"column":5}},"loc":{"start":{"line":4,"column":59},"end":{"line":21,"column":5}},"line":4},"1":{"name":"(anonymous_1)","decl":{"start":{"line":7,"column":40},"end":{"line":7,"column":41}},"loc":{"start":{"line":7,"column":48},"end":{"line":14,"column":13}},"line":7},"2":{"name":"(anonymous_2)","decl":{"start":{"line":23,"column":4},"end":{"line":23,"column":5}},"loc":{"start":{"line":23,"column":58},"end":{"line":45,"column":5}},"line":23}},"branchMap":{"0":{"loc":{"start":{"line":33,"column":12},"end":{"line":35,"column":13}},"type":"if","locations":[{"start":{"line":33,"column":12},"end":{"line":35,"column":13}},{"start":{},"end":{}}],"line":33}},"s":{"0":1,"1":0,"2":0,"3":0,"4":0,"5":0,"6":0,"7":0,"8":0,"9":0,"10":0,"11":0,"12":0,"13":0,"14":0,"15":0,"16":0,"17":1},"f":{"0":0,"1":0,"2":0},"b":{"0":[0,0]},"_coverageSchema":"1a1c01bbd47fc00a2c39e90264f33305004495a9","hash":"fb225fdd367c2b8f331791a53edf7b5099b7349f"}
,"/home/gilangmgm/Desktop/Fproject/SmartUp-Server/services/mainApp/controllers/commentController.js": {"path":"/home/gilangmgm/Desktop/Fproject/SmartUp-Server/services/mainApp/controllers/commentController.js","statementMap":{"0":{"start":{"line":1,"column":20},"end":{"line":1,"column":40}},"1":{"start":{"line":5,"column":8},"end":{"line":15,"column":9}},"2":{"start":{"line":6,"column":36},"end":{"line":6,"column":48}},"3":{"start":{"line":7,"column":28},"end":{"line":11,"column":14}},"4":{"start":{"line":12,"column":12},"end":{"line":12,"column":47}},"5":{"start":{"line":14,"column":12},"end":{"line":14,"column":22}},"6":{"start":{"line":19,"column":8},"end":{"line":49,"column":9}},"7":{"start":{"line":20,"column":34},"end":{"line":20,"column":48}},"8":{"start":{"line":21,"column":36},"end":{"line":21,"column":48}},"9":{"start":{"line":23,"column":28},"end":{"line":27,"column":14}},"10":{"start":{"line":29,"column":12},"end":{"line":31,"column":13}},"11":{"start":{"line":30,"column":16},"end":{"line":30,"column":68}},"12":{"start":{"line":33,"column":12},"end":{"line":42,"column":14}},"13":{"start":{"line":44,"column":12},"end":{"line":46,"column":15}},"14":{"start":{"line":48,"column":12},"end":{"line":48,"column":21}},"15":{"start":{"line":53,"column":8},"end":{"line":76,"column":9}},"16":{"start":{"line":54,"column":34},"end":{"line":54,"column":48}},"17":{"start":{"line":55,"column":28},"end":{"line":59,"column":14}},"18":{"start":{"line":61,"column":12},"end":{"line":63,"column":13}},"19":{"start":{"line":62,"column":16},"end":{"line":62,"column":68}},"20":{"start":{"line":65,"column":12},"end":{"line":69,"column":15}},"21":{"start":{"line":71,"column":12},"end":{"line":73,"column":15}},"22":{"start":{"line":75,"column":11},"end":{"line":75,"column":21}},"23":{"start":{"line":80,"column":0},"end":{"line":80,"column":35}}},"fnMap":{"0":{"name":"(anonymous_0)","decl":{"start":{"line":4,"column":4},"end":{"line":4,"column":5}},"loc":{"start":{"line":4,"column":53},"end":{"line":16,"column":5}},"line":4},"1":{"name":"(anonymous_1)","decl":{"start":{"line":18,"column":4},"end":{"line":18,"column":5}},"loc":{"start":{"line":18,"column":54},"end":{"line":50,"column":5}},"line":18},"2":{"name":"(anonymous_2)","decl":{"start":{"line":52,"column":4},"end":{"line":52,"column":5}},"loc":{"start":{"line":52,"column":56},"end":{"line":77,"column":5}},"line":52}},"branchMap":{"0":{"loc":{"start":{"line":29,"column":12},"end":{"line":31,"column":13}},"type":"if","locations":[{"start":{"line":29,"column":12},"end":{"line":31,"column":13}},{"start":{},"end":{}}],"line":29},"1":{"loc":{"start":{"line":61,"column":12},"end":{"line":63,"column":13}},"type":"if","locations":[{"start":{"line":61,"column":12},"end":{"line":63,"column":13}},{"start":{},"end":{}}],"line":61}},"s":{"0":1,"1":0,"2":0,"3":0,"4":0,"5":0,"6":0,"7":0,"8":0,"9":0,"10":0,"11":0,"12":0,"13":0,"14":0,"15":0,"16":0,"17":0,"18":0,"19":0,"20":0,"21":0,"22":0,"23":1},"f":{"0":0,"1":0,"2":0},"b":{"0":[0,0],"1":[0,0]},"_coverageSchema":"1a1c01bbd47fc00a2c39e90264f33305004495a9","hash":"727c5a8037fabe6a3629164d5ca2a2a5bc9a8bf3"}
,"/home/gilangmgm/Desktop/Fproject/SmartUp-Server/services/mainApp/controllers/postController.js": {"path":"/home/gilangmgm/Desktop/Fproject/SmartUp-Server/services/mainApp/controllers/postController.js","statementMap":{"0":{"start":{"line":1,"column":26},"end":{"line":1,"column":46}},"1":{"start":{"line":5,"column":8},"end":{"line":23,"column":9}},"2":{"start":{"line":6,"column":35},"end":{"line":6,"column":49}},"3":{"start":{"line":7,"column":26},"end":{"line":14,"column":14}},"4":{"start":{"line":16,"column":12},"end":{"line":18,"column":13}},"5":{"start":{"line":17,"column":16},"end":{"line":17,"column":66}},"6":{"start":{"line":20,"column":12},"end":{"line":20,"column":45}},"7":{"start":{"line":22,"column":12},"end":{"line":22,"column":21}},"8":{"start":{"line":27,"column":8},"end":{"line":38,"column":9}},"9":{"start":{"line":28,"column":43},"end":{"line":28,"column":55}},"10":{"start":{"line":29,"column":25},"end":{"line":34,"column":14}},"11":{"start":{"line":35,"column":12},"end":{"line":35,"column":44}},"12":{"start":{"line":37,"column":12},"end":{"line":37,"column":21}},"13":{"start":{"line":42,"column":8},"end":{"line":73,"column":9}},"14":{"start":{"line":44,"column":43},"end":{"line":44,"column":55}},"15":{"start":{"line":45,"column":31},"end":{"line":45,"column":45}},"16":{"start":{"line":47,"column":25},"end":{"line":51,"column":14}},"17":{"start":{"line":53,"column":12},"end":{"line":55,"column":13}},"18":{"start":{"line":54,"column":16},"end":{"line":54,"column":65}},"19":{"start":{"line":57,"column":12},"end":{"line":67,"column":14}},"20":{"start":{"line":68,"column":12},"end":{"line":70,"column":15}},"21":{"start":{"line":72,"column":12},"end":{"line":72,"column":22}},"22":{"start":{"line":77,"column":8},"end":{"line":100,"column":9}},"23":{"start":{"line":78,"column":31},"end":{"line":78,"column":45}},"24":{"start":{"line":79,"column":25},"end":{"line":83,"column":14}},"25":{"start":{"line":85,"column":12},"end":{"line":87,"column":13}},"26":{"start":{"line":86,"column":16},"end":{"line":86,"column":65}},"27":{"start":{"line":89,"column":12},"end":{"line":93,"column":15}},"28":{"start":{"line":95,"column":12},"end":{"line":97,"column":15}},"29":{"start":{"line":99,"column":11},"end":{"line":99,"column":20}},"30":{"start":{"line":104,"column":0},"end":{"line":104,"column":32}}},"fnMap":{"0":{"name":"(anonymous_0)","decl":{"start":{"line":4,"column":4},"end":{"line":4,"column":5}},"loc":{"start":{"line":4,"column":65},"end":{"line":24,"column":5}},"line":4},"1":{"name":"(anonymous_1)","decl":{"start":{"line":26,"column":4},"end":{"line":26,"column":5}},"loc":{"start":{"line":26,"column":50},"end":{"line":39,"column":5}},"line":26},"2":{"name":"(anonymous_2)","decl":{"start":{"line":41,"column":4},"end":{"line":41,"column":5}},"loc":{"start":{"line":41,"column":51},"end":{"line":74,"column":5}},"line":41},"3":{"name":"(anonymous_3)","decl":{"start":{"line":76,"column":4},"end":{"line":76,"column":5}},"loc":{"start":{"line":76,"column":53},"end":{"line":101,"column":5}},"line":76}},"branchMap":{"0":{"loc":{"start":{"line":16,"column":12},"end":{"line":18,"column":13}},"type":"if","locations":[{"start":{"line":16,"column":12},"end":{"line":18,"column":13}},{"start":{},"end":{}}],"line":16},"1":{"loc":{"start":{"line":53,"column":12},"end":{"line":55,"column":13}},"type":"if","locations":[{"start":{"line":53,"column":12},"end":{"line":55,"column":13}},{"start":{},"end":{}}],"line":53},"2":{"loc":{"start":{"line":85,"column":12},"end":{"line":87,"column":13}},"type":"if","locations":[{"start":{"line":85,"column":12},"end":{"line":87,"column":13}},{"start":{},"end":{}}],"line":85}},"s":{"0":1,"1":0,"2":0,"3":0,"4":0,"5":0,"6":0,"7":0,"8":0,"9":0,"10":0,"11":0,"12":0,"13":0,"14":0,"15":0,"16":0,"17":0,"18":0,"19":0,"20":0,"21":0,"22":0,"23":0,"24":0,"25":0,"26":0,"27":0,"28":0,"29":0,"30":1},"f":{"0":0,"1":0,"2":0,"3":0},"b":{"0":[0,0],"1":[0,0],"2":[0,0]},"_coverageSchema":"1a1c01bbd47fc00a2c39e90264f33305004495a9","hash":"e01014e0acf75a5fd1fe5a938962bf9fb04aaf1b"}
,"/home/gilangmgm/Desktop/Fproject/SmartUp-Server/services/mainApp/controllers/questionController.js": {"path":"/home/gilangmgm/Desktop/Fproject/SmartUp-Server/services/mainApp/controllers/questionController.js","statementMap":{"0":{"start":{"line":1,"column":14},"end":{"line":1,"column":30}},"1":{"start":{"line":5,"column":8},"end":{"line":28,"column":9}},"2":{"start":{"line":6,"column":38},"end":{"line":6,"column":52}},"3":{"start":{"line":8,"column":22},"end":{"line":8,"column":100}},"4":{"start":{"line":10,"column":29},"end":{"line":13,"column":14}},"5":{"start":{"line":15,"column":25},"end":{"line":23,"column":14}},"6":{"start":{"line":16,"column":29},"end":{"line":21,"column":17}},"7":{"start":{"line":20,"column":71},"end":{"line":20,"column":146}},"8":{"start":{"line":22,"column":16},"end":{"line":22,"column":30}},"9":{"start":{"line":25,"column":12},"end":{"line":25,"column":46}},"10":{"start":{"line":27,"column":12},"end":{"line":27,"column":21}},"11":{"start":{"line":32,"column":0},"end":{"line":32,"column":36}}},"fnMap":{"0":{"name":"(anonymous_0)","decl":{"start":{"line":4,"column":4},"end":{"line":4,"column":5}},"loc":{"start":{"line":4,"column":70},"end":{"line":29,"column":5}},"line":4},"1":{"name":"(anonymous_1)","decl":{"start":{"line":15,"column":42},"end":{"line":15,"column":43}},"loc":{"start":{"line":15,"column":50},"end":{"line":23,"column":13}},"line":15},"2":{"name":"(anonymous_2)","decl":{"start":{"line":20,"column":63},"end":{"line":20,"column":64}},"loc":{"start":{"line":20,"column":71},"end":{"line":20,"column":146}},"line":20}},"branchMap":{},"s":{"0":1,"1":0,"2":0,"3":0,"4":0,"5":0,"6":0,"7":0,"8":0,"9":0,"10":0,"11":1},"f":{"0":0,"1":0,"2":0},"b":{},"_coverageSchema":"1a1c01bbd47fc00a2c39e90264f33305004495a9","hash":"64701f222ee23016af5ffefc40f2fde88c48c926"}
,"/home/gilangmgm/Desktop/Fproject/SmartUp-Server/services/mainApp/helpers/jwt.js": {"path":"/home/gilangmgm/Desktop/Fproject/SmartUp-Server/services/mainApp/helpers/jwt.js","statementMap":{"0":{"start":{"line":1,"column":12},"end":{"line":1,"column":35}},"1":{"start":{"line":2,"column":23},"end":{"line":2,"column":35}},"2":{"start":{"line":4,"column":0},"end":{"line":12,"column":2}},"3":{"start":{"line":6,"column":8},"end":{"line":6,"column":49}},"4":{"start":{"line":10,"column":8},"end":{"line":10,"column":56}}},"fnMap":{"0":{"name":"(anonymous_0)","decl":{"start":{"line":5,"column":17},"end":{"line":5,"column":18}},"loc":{"start":{"line":5,"column":30},"end":{"line":7,"column":5}},"line":5},"1":{"name":"(anonymous_1)","decl":{"start":{"line":9,"column":17},"end":{"line":9,"column":18}},"loc":{"start":{"line":9,"column":35},"end":{"line":11,"column":5}},"line":9}},"branchMap":{},"s":{"0":1,"1":1,"2":1,"3":0,"4":7},"f":{"0":0,"1":7},"b":{},"_coverageSchema":"1a1c01bbd47fc00a2c39e90264f33305004495a9","hash":"55fadb39623164fd568a4bd01e063195c45daa76"}
,"/home/gilangmgm/Desktop/Fproject/SmartUp-Server/services/mainApp/middlewares/auth.js": {"path":"/home/gilangmgm/Desktop/Fproject/SmartUp-Server/services/mainApp/middlewares/auth.js","statementMap":{"0":{"start":{"line":1,"column":14},"end":{"line":1,"column":30}},"1":{"start":{"line":2,"column":24},"end":{"line":2,"column":49}},"2":{"start":{"line":5,"column":23},"end":{"line":32,"column":1}},"3":{"start":{"line":6,"column":4},"end":{"line":31,"column":5}},"4":{"start":{"line":8,"column":33},"end":{"line":8,"column":48}},"5":{"start":{"line":10,"column":8},"end":{"line":12,"column":9}},"6":{"start":{"line":11,"column":12},"end":{"line":11,"column":60}},"7":{"start":{"line":14,"column":24},"end":{"line":14,"column":49}},"8":{"start":{"line":16,"column":31},"end":{"line":19,"column":10}},"9":{"start":{"line":22,"column":8},"end":{"line":25,"column":9}},"10":{"start":{"line":24,"column":12},"end":{"line":24,"column":60}},"11":{"start":{"line":27,"column":8},"end":{"line":27,"column":28}},"12":{"start":{"line":28,"column":8},"end":{"line":28,"column":15}},"13":{"start":{"line":30,"column":8},"end":{"line":30,"column":18}},"14":{"start":{"line":34,"column":0},"end":{"line":34,"column":32}}},"fnMap":{"0":{"name":"(anonymous_0)","decl":{"start":{"line":5,"column":23},"end":{"line":5,"column":24}},"loc":{"start":{"line":5,"column":58},"end":{"line":32,"column":1}},"line":5}},"branchMap":{"0":{"loc":{"start":{"line":10,"column":8},"end":{"line":12,"column":9}},"type":"if","locations":[{"start":{"line":10,"column":8},"end":{"line":12,"column":9}},{"start":{},"end":{}}],"line":10},"1":{"loc":{"start":{"line":22,"column":8},"end":{"line":25,"column":9}},"type":"if","locations":[{"start":{"line":22,"column":8},"end":{"line":25,"column":9}},{"start":{},"end":{}}],"line":22}},"s":{"0":1,"1":1,"2":1,"3":7,"4":7,"5":7,"6":0,"7":7,"8":5,"9":0,"10":0,"11":0,"12":0,"13":7,"14":1},"f":{"0":7},"b":{"0":[0,7],"1":[0,0]},"_coverageSchema":"1a1c01bbd47fc00a2c39e90264f33305004495a9","hash":"73b479ec24e7dc1ec24ae0b570137378d2b23023"}
,"/home/gilangmgm/Desktop/Fproject/SmartUp-Server/services/mainApp/middlewares/errorHandler.js": {"path":"/home/gilangmgm/Desktop/Fproject/SmartUp-Server/services/mainApp/middlewares/errorHandler.js","statementMap":{"0":{"start":{"line":1,"column":21},"end":{"line":23,"column":1}},"1":{"start":{"line":2,"column":4},"end":{"line":2,"column":21}},"2":{"start":{"line":3,"column":4},"end":{"line":22,"column":5}},"3":{"start":{"line":4,"column":29},"end":{"line":6,"column":10}},"4":{"start":{"line":5,"column":12},"end":{"line":5,"column":29}},"5":{"start":{"line":7,"column":8},"end":{"line":9,"column":10}},"6":{"start":{"line":10,"column":11},"end":{"line":22,"column":5}},"7":{"start":{"line":11,"column":8},"end":{"line":13,"column":10}},"8":{"start":{"line":14,"column":11},"end":{"line":22,"column":5}},"9":{"start":{"line":15,"column":8},"end":{"line":17,"column":10}},"10":{"start":{"line":19,"column":8},"end":{"line":21,"column":10}},"11":{"start":{"line":25,"column":0},"end":{"line":25,"column":29}}},"fnMap":{"0":{"name":"(anonymous_0)","decl":{"start":{"line":1,"column":21},"end":{"line":1,"column":22}},"loc":{"start":{"line":1,"column":55},"end":{"line":23,"column":1}},"line":1},"1":{"name":"(anonymous_1)","decl":{"start":{"line":4,"column":44},"end":{"line":4,"column":45}},"loc":{"start":{"line":4,"column":52},"end":{"line":6,"column":9}},"line":4}},"branchMap":{"0":{"loc":{"start":{"line":3,"column":4},"end":{"line":22,"column":5}},"type":"if","locations":[{"start":{"line":3,"column":4},"end":{"line":22,"column":5}},{"start":{"line":10,"column":11},"end":{"line":22,"column":5}}],"line":3},"1":{"loc":{"start":{"line":10,"column":11},"end":{"line":22,"column":5}},"type":"if","locations":[{"start":{"line":10,"column":11},"end":{"line":22,"column":5}},{"start":{"line":14,"column":11},"end":{"line":22,"column":5}}],"line":10},"2":{"loc":{"start":{"line":14,"column":11},"end":{"line":22,"column":5}},"type":"if","locations":[{"start":{"line":14,"column":11},"end":{"line":22,"column":5}},{"start":{"line":18,"column":11},"end":{"line":22,"column":5}}],"line":14}},"s":{"0":1,"1":7,"2":7,"3":0,"4":0,"5":0,"6":7,"7":0,"8":7,"9":2,"10":5,"11":1},"f":{"0":7,"1":0},"b":{"0":[0,7],"1":[0,7],"2":[2,5]},"_coverageSchema":"1a1c01bbd47fc00a2c39e90264f33305004495a9","hash":"b0cb4b8bbfe53b3ca1b5a6bf619ddf2a7b261b8e"}
,"/home/gilangmgm/Desktop/Fproject/SmartUp-Server/services/mainApp/models/category.js": {"path":"/home/gilangmgm/Desktop/Fproject/SmartUp-Server/services/mainApp/models/category.js","statementMap":{"0":{"start":{"line":2,"column":18},"end":{"line":2,"column":38}},"1":{"start":{"line":3,"column":0},"end":{"line":39,"column":2}},"2":{"start":{"line":12,"column":12},"end":{"line":12,"column":41}},"3":{"start":{"line":15,"column":4},"end":{"line":37,"column":6}},"4":{"start":{"line":38,"column":4},"end":{"line":38,"column":20}}},"fnMap":{"0":{"name":"(anonymous_0)","decl":{"start":{"line":3,"column":17},"end":{"line":3,"column":18}},"loc":{"start":{"line":3,"column":43},"end":{"line":39,"column":1}},"line":3},"1":{"name":"(anonymous_1)","decl":{"start":{"line":10,"column":8},"end":{"line":10,"column":9}},"loc":{"start":{"line":10,"column":33},"end":{"line":13,"column":9}},"line":10}},"branchMap":{},"s":{"0":1,"1":1,"2":1,"3":1,"4":1},"f":{"0":1,"1":1},"b":{},"_coverageSchema":"1a1c01bbd47fc00a2c39e90264f33305004495a9","hash":"ccc3051156b6e348a5aec85cae040cbce0bed13c"}
,"/home/gilangmgm/Desktop/Fproject/SmartUp-Server/services/mainApp/models/comment.js": {"path":"/home/gilangmgm/Desktop/Fproject/SmartUp-Server/services/mainApp/models/comment.js","statementMap":{"0":{"start":{"line":2,"column":18},"end":{"line":2,"column":38}},"1":{"start":{"line":3,"column":0},"end":{"line":38,"column":2}},"2":{"start":{"line":12,"column":12},"end":{"line":12,"column":69}},"3":{"start":{"line":15,"column":4},"end":{"line":36,"column":6}},"4":{"start":{"line":37,"column":4},"end":{"line":37,"column":19}}},"fnMap":{"0":{"name":"(anonymous_0)","decl":{"start":{"line":3,"column":17},"end":{"line":3,"column":18}},"loc":{"start":{"line":3,"column":43},"end":{"line":38,"column":1}},"line":3},"1":{"name":"(anonymous_1)","decl":{"start":{"line":10,"column":8},"end":{"line":10,"column":9}},"loc":{"start":{"line":10,"column":33},"end":{"line":13,"column":9}},"line":10}},"branchMap":{},"s":{"0":1,"1":1,"2":1,"3":1,"4":1},"f":{"0":1,"1":1},"b":{},"_coverageSchema":"1a1c01bbd47fc00a2c39e90264f33305004495a9","hash":"f7fd248e7ed9647f0626c2c2ddaac20062f510cd"}
,"/home/gilangmgm/Desktop/Fproject/SmartUp-Server/services/mainApp/models/index.js": {"path":"/home/gilangmgm/Desktop/Fproject/SmartUp-Server/services/mainApp/models/index.js","statementMap":{"0":{"start":{"line":3,"column":11},"end":{"line":3,"column":24}},"1":{"start":{"line":4,"column":13},"end":{"line":4,"column":28}},"2":{"start":{"line":5,"column":18},"end":{"line":5,"column":38}},"3":{"start":{"line":6,"column":16},"end":{"line":6,"column":34}},"4":{"start":{"line":7,"column":17},"end":{"line":7,"column":42}},"5":{"start":{"line":8,"column":12},"end":{"line":8,"column":49}},"6":{"start":{"line":9,"column":15},"end":{"line":9,"column":65}},"7":{"start":{"line":10,"column":11},"end":{"line":10,"column":13}},"8":{"start":{"line":13,"column":0},"end":{"line":17,"column":1}},"9":{"start":{"line":14,"column":2},"end":{"line":14,"column":74}},"10":{"start":{"line":16,"column":2},"end":{"line":16,"column":87}},"11":{"start":{"line":19,"column":0},"end":{"line":32,"column":5}},"12":{"start":{"line":22,"column":4},"end":{"line":27,"column":6}},"13":{"start":{"line":30,"column":18},"end":{"line":30,"column":85}},"14":{"start":{"line":31,"column":4},"end":{"line":31,"column":27}},"15":{"start":{"line":34,"column":0},"end":{"line":38,"column":3}},"16":{"start":{"line":35,"column":2},"end":{"line":37,"column":3}},"17":{"start":{"line":36,"column":4},"end":{"line":36,"column":32}},"18":{"start":{"line":40,"column":0},"end":{"line":40,"column":25}},"19":{"start":{"line":41,"column":0},"end":{"line":41,"column":25}},"20":{"start":{"line":43,"column":0},"end":{"line":43,"column":20}}},"fnMap":{"0":{"name":"(anonymous_0)","decl":{"start":{"line":21,"column":10},"end":{"line":21,"column":11}},"loc":{"start":{"line":21,"column":18},"end":{"line":28,"column":3}},"line":21},"1":{"name":"(anonymous_1)","decl":{"start":{"line":29,"column":11},"end":{"line":29,"column":12}},"loc":{"start":{"line":29,"column":19},"end":{"line":32,"column":3}},"line":29},"2":{"name":"(anonymous_2)","decl":{"start":{"line":34,"column":24},"end":{"line":34,"column":25}},"loc":{"start":{"line":34,"column":37},"end":{"line":38,"column":1}},"line":34}},"branchMap":{"0":{"loc":{"start":{"line":8,"column":12},"end":{"line":8,"column":49}},"type":"binary-expr","locations":[{"start":{"line":8,"column":12},"end":{"line":8,"column":32}},{"start":{"line":8,"column":36},"end":{"line":8,"column":49}}],"line":8},"1":{"loc":{"start":{"line":13,"column":0},"end":{"line":17,"column":1}},"type":"if","locations":[{"start":{"line":13,"column":0},"end":{"line":17,"column":1}},{"start":{"line":15,"column":7},"end":{"line":17,"column":1}}],"line":13},"2":{"loc":{"start":{"line":23,"column":6},"end":{"line":26,"column":37}},"type":"binary-expr","locations":[{"start":{"line":23,"column":6},"end":{"line":23,"column":29}},{"start":{"line":24,"column":6},"end":{"line":24,"column":23}},{"start":{"line":25,"column":6},"end":{"line":25,"column":30}},{"start":{"line":26,"column":6},"end":{"line":26,"column":37}}],"line":23},"3":{"loc":{"start":{"line":35,"column":2},"end":{"line":37,"column":3}},"type":"if","locations":[{"start":{"line":35,"column":2},"end":{"line":37,"column":3}},{"start":{},"end":{}}],"line":35}},"s":{"0":1,"1":1,"2":1,"3":1,"4":1,"5":1,"6":1,"7":1,"8":1,"9":0,"10":1,"11":1,"12":4,"13":3,"14":3,"15":1,"16":3,"17":3,"18":1,"19":1,"20":1},"f":{"0":4,"1":3,"2":3},"b":{"0":[1,0],"1":[0,1],"2":[4,4,3,3],"3":[3,0]},"_coverageSchema":"1a1c01bbd47fc00a2c39e90264f33305004495a9","hash":"ef6e1e0d9f630837b9fdaf0a6c42ae3a1abeec2f"}
,"/home/gilangmgm/Desktop/Fproject/SmartUp-Server/services/mainApp/models/post.js": {"path":"/home/gilangmgm/Desktop/Fproject/SmartUp-Server/services/mainApp/models/post.js","statementMap":{"0":{"start":{"line":2,"column":18},"end":{"line":2,"column":38}},"1":{"start":{"line":3,"column":0},"end":{"line":51,"column":2}},"2":{"start":{"line":12,"column":12},"end":{"line":12,"column":74}},"3":{"start":{"line":13,"column":12},"end":{"line":13,"column":40}},"4":{"start":{"line":16,"column":4},"end":{"line":49,"column":6}},"5":{"start":{"line":50,"column":4},"end":{"line":50,"column":16}}},"fnMap":{"0":{"name":"(anonymous_0)","decl":{"start":{"line":3,"column":17},"end":{"line":3,"column":18}},"loc":{"start":{"line":3,"column":43},"end":{"line":51,"column":1}},"line":3},"1":{"name":"(anonymous_1)","decl":{"start":{"line":10,"column":8},"end":{"line":10,"column":9}},"loc":{"start":{"line":10,"column":33},"end":{"line":14,"column":9}},"line":10}},"branchMap":{},"s":{"0":1,"1":1,"2":1,"3":1,"4":1,"5":1},"f":{"0":1,"1":1},"b":{},"_coverageSchema":"1a1c01bbd47fc00a2c39e90264f33305004495a9","hash":"7c91f72d6373f38aaa136c3954e8b23ae419f096"}
,"/home/gilangmgm/Desktop/Fproject/SmartUp-Server/services/mainApp/routes/category.js": {"path":"/home/gilangmgm/Desktop/Fproject/SmartUp-Server/services/mainApp/routes/category.js","statementMap":{"0":{"start":{"line":1,"column":16},"end":{"line":1,"column":34}},"1":{"start":{"line":2,"column":27},"end":{"line":2,"column":71}},"2":{"start":{"line":3,"column":23},"end":{"line":3,"column":53}},"3":{"start":{"line":4,"column":23},"end":{"line":4,"column":39}},"4":{"start":{"line":6,"column":0},"end":{"line":6,"column":34}},"5":{"start":{"line":7,"column":0},"end":{"line":7,"column":60}},"6":{"start":{"line":8,"column":0},"end":{"line":8,"column":70}},"7":{"start":{"line":11,"column":0},"end":{"line":11,"column":31}}},"fnMap":{},"branchMap":{},"s":{"0":1,"1":1,"2":1,"3":1,"4":1,"5":1,"6":1,"7":1},"f":{},"b":{},"_coverageSchema":"1a1c01bbd47fc00a2c39e90264f33305004495a9","hash":"529217aeb1855627ea33852c788213ba1008ea19"}
,"/home/gilangmgm/Desktop/Fproject/SmartUp-Server/services/mainApp/routes/comment.js": {"path":"/home/gilangmgm/Desktop/Fproject/SmartUp-Server/services/mainApp/routes/comment.js","statementMap":{"0":{"start":{"line":1,"column":16},"end":{"line":1,"column":34}},"1":{"start":{"line":2,"column":26},"end":{"line":2,"column":69}},"2":{"start":{"line":3,"column":23},"end":{"line":3,"column":53}},"3":{"start":{"line":4,"column":22},"end":{"line":4,"column":38}},"4":{"start":{"line":8,"column":0},"end":{"line":8,"column":33}},"5":{"start":{"line":9,"column":0},"end":{"line":9,"column":53}},"6":{"start":{"line":10,"column":0},"end":{"line":10,"column":63}},"7":{"start":{"line":11,"column":0},"end":{"line":11,"column":68}},"8":{"start":{"line":13,"column":0},"end":{"line":13,"column":30}}},"fnMap":{},"branchMap":{},"s":{"0":1,"1":1,"2":1,"3":1,"4":1,"5":1,"6":1,"7":1,"8":1},"f":{},"b":{},"_coverageSchema":"1a1c01bbd47fc00a2c39e90264f33305004495a9","hash":"9eb3916740e77cb61f1de1c58b347d47eed8ef8d"}
,"/home/gilangmgm/Desktop/Fproject/SmartUp-Server/services/mainApp/routes/index.js": {"path":"/home/gilangmgm/Desktop/Fproject/SmartUp-Server/services/mainApp/routes/index.js","statementMap":{"0":{"start":{"line":1,"column":16},"end":{"line":1,"column":34}},"1":{"start":{"line":2,"column":23},"end":{"line":2,"column":44}},"2":{"start":{"line":3,"column":22},"end":{"line":3,"column":42}},"3":{"start":{"line":4,"column":19},"end":{"line":4,"column":36}},"4":{"start":{"line":5,"column":23},"end":{"line":5,"column":44}},"5":{"start":{"line":6,"column":15},"end":{"line":6,"column":31}},"6":{"start":{"line":8,"column":0},"end":{"line":8,"column":40}},"7":{"start":{"line":9,"column":0},"end":{"line":9,"column":41}},"8":{"start":{"line":10,"column":0},"end":{"line":10,"column":32}},"9":{"start":{"line":11,"column":0},"end":{"line":11,"column":38}},"10":{"start":{"line":13,"column":0},"end":{"line":13,"column":23}}},"fnMap":{},"branchMap":{},"s":{"0":1,"1":1,"2":1,"3":1,"4":1,"5":1,"6":1,"7":1,"8":1,"9":1,"10":1},"f":{},"b":{},"_coverageSchema":"1a1c01bbd47fc00a2c39e90264f33305004495a9","hash":"72c6637e8b9df19d33f88f968312ff71470259d3"}
,"/home/gilangmgm/Desktop/Fproject/SmartUp-Server/services/mainApp/routes/post.js": {"path":"/home/gilangmgm/Desktop/Fproject/SmartUp-Server/services/mainApp/routes/post.js","statementMap":{"0":{"start":{"line":1,"column":16},"end":{"line":1,"column":34}},"1":{"start":{"line":2,"column":23},"end":{"line":2,"column":63}},"2":{"start":{"line":3,"column":23},"end":{"line":3,"column":53}},"3":{"start":{"line":4,"column":19},"end":{"line":4,"column":35}},"4":{"start":{"line":7,"column":0},"end":{"line":7,"column":30}},"5":{"start":{"line":8,"column":0},"end":{"line":8,"column":45}},"6":{"start":{"line":9,"column":0},"end":{"line":9,"column":70}},"7":{"start":{"line":10,"column":0},"end":{"line":10,"column":54}},"8":{"start":{"line":11,"column":0},"end":{"line":11,"column":57}},"9":{"start":{"line":13,"column":0},"end":{"line":13,"column":28}}},"fnMap":{},"branchMap":{},"s":{"0":1,"1":1,"2":1,"3":1,"4":1,"5":1,"6":1,"7":1,"8":1,"9":1},"f":{},"b":{},"_coverageSchema":"1a1c01bbd47fc00a2c39e90264f33305004495a9","hash":"ee0785b0839e663703486bac35679ee1d35556f2"}
,"/home/gilangmgm/Desktop/Fproject/SmartUp-Server/services/mainApp/routes/question.js": {"path":"/home/gilangmgm/Desktop/Fproject/SmartUp-Server/services/mainApp/routes/question.js","statementMap":{"0":{"start":{"line":1,"column":16},"end":{"line":1,"column":34}},"1":{"start":{"line":2,"column":27},"end":{"line":2,"column":71}},"2":{"start":{"line":3,"column":23},"end":{"line":3,"column":53}},"3":{"start":{"line":4,"column":23},"end":{"line":4,"column":39}},"4":{"start":{"line":7,"column":0},"end":{"line":7,"column":34}},"5":{"start":{"line":8,"column":0},"end":{"line":8,"column":85}},"6":{"start":{"line":10,"column":0},"end":{"line":10,"column":31}}},"fnMap":{},"branchMap":{},"s":{"0":1,"1":1,"2":1,"3":1,"4":1,"5":1,"6":1},"f":{},"b":{},"_coverageSchema":"1a1c01bbd47fc00a2c39e90264f33305004495a9","hash":"43e4ec8c62f6a438d121552ff960ffadb36a4dda"}
}
