TN:
SF:app.js
FN:13,(anonymous_0)
FNF:1
FNH:0
FNDA:0,(anonymous_0)
DA:1,3
DA:2,3
DA:3,3
DA:4,3
DA:5,3
DA:6,3
DA:9,3
DA:10,3
DA:11,3
DA:13,3
DA:14,0
DA:17,3
DA:18,3
DA:25,3
LF:14
LH:13
BRF:0
BRH:0
end_of_record
TN:
SF:controllers/categoryController.js
FN:4,(anonymous_0)
FN:7,(anonymous_1)
FN:23,(anonymous_2)
FNF:3
FNH:3
FNDA:1,(anonymous_0)
FNDA:24,(anonymous_1)
FNDA:2,(anonymous_2)
DA:1,3
DA:5,1
DA:6,1
DA:7,1
DA:8,24
DA:13,24
DA:15,1
DA:16,1
DA:18,0
DA:19,0
DA:24,2
DA:25,2
DA:27,2
DA:33,2
DA:34,1
DA:37,1
DA:43,1
DA:48,3
LF:18
LH:16
BRDA:33,0,0,1
BRDA:33,0,1,1
BRF:2
BRH:2
end_of_record
TN:
SF:controllers/commentController.js
FN:4,(anonymous_0)
FN:18,(anonymous_1)
FN:52,(anonymous_2)
FNF:3
FNH:3
FNDA:2,(anonymous_0)
FNDA:1,(anonymous_1)
FNDA:2,(anonymous_2)
DA:1,3
DA:5,2
DA:6,2
DA:7,2
DA:12,1
DA:14,1
DA:19,1
DA:20,1
DA:21,1
DA:23,1
DA:29,1
DA:30,0
DA:33,1
DA:44,1
DA:48,0
DA:53,2
DA:54,2
DA:55,2
DA:61,2
DA:62,1
DA:65,1
DA:71,1
DA:75,1
DA:80,3
LF:24
LH:22
BRDA:29,0,0,0
BRDA:29,0,1,1
BRDA:61,1,0,1
BRDA:61,1,1,1
BRF:4
BRH:3
end_of_record
TN:
SF:controllers/postController.js
FN:4,(anonymous_0)
FN:26,(anonymous_1)
FN:41,(anonymous_2)
FN:76,(anonymous_3)
FNF:4
FNH:3
FNDA:1,(anonymous_0)
FNDA:3,(anonymous_1)
FNDA:1,(anonymous_2)
FNDA:0,(anonymous_3)
DA:1,3
DA:5,1
DA:6,1
DA:7,1
DA:16,1
DA:17,0
DA:20,1
DA:22,0
DA:27,3
DA:28,3
DA:29,3
DA:35,1
DA:37,2
DA:42,1
DA:44,1
DA:45,1
DA:47,1
DA:53,1
DA:54,0
DA:57,1
DA:68,1
DA:72,0
DA:77,0
DA:78,0
DA:79,0
DA:85,0
DA:86,0
DA:89,0
DA:95,0
DA:99,0
DA:104,3
LF:31
LH:19
BRDA:16,0,0,0
BRDA:16,0,1,1
BRDA:53,1,0,0
BRDA:53,1,1,1
BRDA:85,2,0,0
BRDA:85,2,1,0
BRF:6
BRH:2
end_of_record
TN:
SF:controllers/questionController.js
FN:4,(anonymous_0)
FN:15,(anonymous_1)
FN:20,(anonymous_2)
FNF:3
FNH:0
FNDA:0,(anonymous_0)
FNDA:0,(anonymous_1)
FNDA:0,(anonymous_2)
DA:1,3
DA:5,0
DA:6,0
DA:8,0
DA:10,0
DA:15,0
DA:16,0
DA:20,0
DA:22,0
DA:25,0
DA:27,0
DA:32,3
LF:12
LH:2
BRF:0
BRH:0
end_of_record
TN:
SF:helpers/jwt.js
FN:5,(anonymous_0)
FN:9,(anonymous_1)
FNF:2
FNH:1
FNDA:0,(anonymous_0)
FNDA:18,(anonymous_1)
DA:1,3
DA:2,3
DA:4,3
DA:6,0
DA:10,18
LF:5
LH:4
BRF:0
BRH:0
end_of_record
TN:
SF:middlewares/auth.js
FN:5,(anonymous_0)
FNF:1
FNH:1
FNDA:18,(anonymous_0)
DA:1,3
DA:2,3
DA:5,3
DA:6,18
DA:8,18
DA:10,18
DA:11,0
DA:14,18
DA:16,13
DA:22,13
DA:24,0
DA:27,13
DA:28,13
DA:30,5
DA:34,3
LF:15
LH:13
BRDA:10,0,0,0
BRDA:10,0,1,18
BRDA:22,1,0,0
BRDA:22,1,1,13
BRF:4
BRH:2
end_of_record
TN:
SF:middlewares/errorHandler.js
FN:1,(anonymous_0)
FN:4,(anonymous_1)
FNF:2
FNH:2
FNDA:10,(anonymous_0)
FNDA:3,(anonymous_1)
DA:1,3
DA:2,10
DA:3,10
DA:4,3
DA:5,3
DA:7,3
DA:10,7
DA:11,2
DA:14,5
DA:15,5
DA:19,0
DA:25,3
LF:12
LH:11
BRDA:3,0,0,3
BRDA:3,0,1,7
BRDA:10,1,0,2
BRDA:10,1,1,5
BRDA:14,2,0,5
BRDA:14,2,1,0
BRF:6
BRH:5
end_of_record
TN:
SF:models/category.js
FN:3,(anonymous_0)
FN:10,(anonymous_1)
FNF:2
FNH:2
FNDA:3,(anonymous_0)
FNDA:3,(anonymous_1)
DA:2,3
DA:3,3
DA:12,3
DA:15,3
DA:38,3
LF:5
LH:5
BRF:0
BRH:0
end_of_record
TN:
SF:models/comment.js
FN:3,(anonymous_0)
FN:10,(anonymous_1)
FNF:2
FNH:2
FNDA:3,(anonymous_0)
FNDA:3,(anonymous_1)
DA:2,3
DA:3,3
DA:12,3
DA:15,3
DA:37,3
LF:5
LH:5
BRF:0
BRH:0
end_of_record
TN:
SF:models/index.js
FN:21,(anonymous_0)
FN:29,(anonymous_1)
FN:34,(anonymous_2)
FNF:3
FNH:3
FNDA:12,(anonymous_0)
FNDA:9,(anonymous_1)
FNDA:9,(anonymous_2)
DA:3,3
DA:4,3
DA:5,3
DA:6,3
DA:7,3
DA:8,3
DA:9,3
DA:10,3
DA:13,3
DA:14,0
DA:16,3
DA:19,3
DA:22,12
DA:30,9
DA:31,9
DA:34,3
DA:35,9
DA:36,9
DA:40,3
DA:41,3
DA:43,3
LF:21
LH:20
BRDA:8,0,0,3
BRDA:8,0,1,0
BRDA:13,1,0,0
BRDA:13,1,1,3
BRDA:23,2,0,12
BRDA:23,2,1,12
BRDA:23,2,2,9
BRDA:23,2,3,9
BRDA:35,3,0,9
BRDA:35,3,1,0
BRF:10
BRH:7
end_of_record
TN:
SF:models/post.js
FN:3,(anonymous_0)
FN:10,(anonymous_1)
FNF:2
FNH:2
FNDA:3,(anonymous_0)
FNDA:3,(anonymous_1)
DA:2,3
DA:3,3
DA:12,3
DA:13,3
DA:16,3
DA:50,3
LF:6
LH:6
BRF:0
BRH:0
end_of_record
TN:
SF:routes/category.js
FNF:0
FNH:0
DA:1,3
DA:2,3
DA:3,3
DA:4,3
DA:6,3
DA:7,3
DA:8,3
DA:11,3
LF:8
LH:8
BRF:0
BRH:0
end_of_record
TN:
SF:routes/comment.js
FNF:0
FNH:0
DA:1,3
DA:2,3
DA:3,3
DA:4,3
DA:8,3
DA:9,3
DA:10,3
DA:11,3
DA:13,3
LF:9
LH:9
BRF:0
BRH:0
end_of_record
TN:
SF:routes/index.js
FNF:0
FNH:0
DA:1,3
DA:2,3
DA:3,3
DA:4,3
DA:5,3
DA:6,3
DA:8,3
DA:9,3
DA:10,3
DA:11,3
DA:13,3
LF:11
LH:11
BRF:0
BRH:0
end_of_record
TN:
SF:routes/post.js
FNF:0
FNH:0
DA:1,3
DA:2,3
DA:3,3
DA:4,3
DA:7,3
DA:8,3
DA:9,3
DA:10,3
DA:11,3
DA:13,3
LF:10
LH:10
BRF:0
BRH:0
end_of_record
TN:
SF:routes/question.js
FNF:0
FNH:0
DA:1,3
DA:2,3
DA:3,3
DA:4,3
DA:7,3
DA:8,3
DA:10,3
LF:7
LH:7
BRF:0
BRH:0
end_of_record
